{"E:\\Carpeta a respaldar\\Estudios\\9no Cuatri\\Arquitectura Orientada a Servicios\\C1\\Back-end\\HEYCAP-BACKEND\\src\\db\\db.ts": {"path":"E:\\Carpeta a respaldar\\Estudios\\9no Cuatri\\Arquitectura Orientada a Servicios\\C1\\Back-end\\HEYCAP-BACKEND\\src\\db\\db.ts","statementMap":{"0":{"start":{"line":1,"column":0},"end":{"line":1,"column":45}},"1":{"start":{"line":3,"column":13},"end":{"line":3,"column":null}}},"fnMap":{},"branchMap":{},"s":{"0":1,"1":1},"f":{},"b":{}}
,"E:\\Carpeta a respaldar\\Estudios\\9no Cuatri\\Arquitectura Orientada a Servicios\\C1\\Back-end\\HEYCAP-BACKEND\\src\\services\\user.service.ts": {"path":"E:\\Carpeta a respaldar\\Estudios\\9no Cuatri\\Arquitectura Orientada a Servicios\\C1\\Back-end\\HEYCAP-BACKEND\\src\\services\\user.service.ts","statementMap":{"0":{"start":{"line":1,"column":0},"end":{"line":1,"column":34}},"1":{"start":{"line":3,"column":13},"end":{"line":38,"column":2}},"2":{"start":{"line":4,"column":23},"end":{"line":6,"column":null}},"3":{"start":{"line":5,"column":12},"end":{"line":5,"column":null}},"4":{"start":{"line":8,"column":34},"end":{"line":14,"column":null}},"5":{"start":{"line":9,"column":8},"end":{"line":13,"column":null}},"6":{"start":{"line":16,"column":32},"end":{"line":20,"column":null}},"7":{"start":{"line":17,"column":8},"end":{"line":19,"column":null}},"8":{"start":{"line":22,"column":44},"end":{"line":29,"column":null}},"9":{"start":{"line":23,"column":8},"end":{"line":28,"column":null}},"10":{"start":{"line":31,"column":33},"end":{"line":37,"column":null}},"11":{"start":{"line":32,"column":8},"end":{"line":36,"column":null}}},"fnMap":{"0":{"name":"(anonymous_7)","decl":{"start":{"line":4,"column":12},"end":{"line":4,"column":21}},"loc":{"start":{"line":4,"column":23},"end":{"line":6,"column":null}}},"1":{"name":"(anonymous_8)","decl":{"start":{"line":4,"column":23},"end":{"line":4,"column":null}},"loc":{"start":{"line":4,"column":23},"end":{"line":6,"column":5}}},"2":{"name":"(anonymous_9)","decl":{"start":{"line":8,"column":13},"end":{"line":8,"column":20}},"loc":{"start":{"line":8,"column":34},"end":{"line":14,"column":null}}},"3":{"name":"(anonymous_10)","decl":{"start":{"line":8,"column":34},"end":{"line":8,"column":null}},"loc":{"start":{"line":8,"column":34},"end":{"line":14,"column":5}}},"4":{"name":"(anonymous_11)","decl":{"start":{"line":16,"column":12},"end":{"line":16,"column":19}},"loc":{"start":{"line":16,"column":32},"end":{"line":20,"column":null}}},"5":{"name":"(anonymous_12)","decl":{"start":{"line":16,"column":32},"end":{"line":16,"column":null}},"loc":{"start":{"line":16,"column":32},"end":{"line":20,"column":5}}},"6":{"name":"(anonymous_13)","decl":{"start":{"line":22,"column":12},"end":{"line":22,"column":19}},"loc":{"start":{"line":22,"column":44},"end":{"line":29,"column":null}}},"7":{"name":"(anonymous_14)","decl":{"start":{"line":22,"column":44},"end":{"line":22,"column":null}},"loc":{"start":{"line":22,"column":44},"end":{"line":29,"column":5}}},"8":{"name":"(anonymous_15)","decl":{"start":{"line":31,"column":12},"end":{"line":31,"column":19}},"loc":{"start":{"line":31,"column":33},"end":{"line":37,"column":null}}},"9":{"name":"(anonymous_16)","decl":{"start":{"line":31,"column":33},"end":{"line":31,"column":null}},"loc":{"start":{"line":31,"column":33},"end":{"line":37,"column":5}}}},"branchMap":{},"s":{"0":1,"1":1,"2":1,"3":1,"4":1,"5":1,"6":0,"7":0,"8":1,"9":1,"10":1,"11":1},"f":{"0":1,"1":1,"2":1,"3":1,"4":0,"5":0,"6":1,"7":1,"8":1,"9":1},"b":{}}
}
