TN:
SF:src\db\db.ts
FNF:0
FNH:0
DA:1,1
DA:3,1
LF:2
LH:2
BRF:0
BRH:0
end_of_record
TN:
SF:src\services\user.service.ts
FN:4,(anonymous_7)
FN:4,(anonymous_8)
FN:8,(anonymous_9)
FN:8,(anonymous_10)
FN:16,(anonymous_11)
FN:16,(anonymous_12)
FN:22,(anonymous_13)
FN:22,(anonymous_14)
FN:31,(anonymous_15)
FN:31,(anonymous_16)
FNF:10
FNH:8
FNDA:1,(anonymous_7)
FNDA:1,(anonymous_8)
FNDA:1,(anonymous_9)
FNDA:1,(anonymous_10)
FNDA:0,(anonymous_11)
FNDA:0,(anonymous_12)
FNDA:1,(anonymous_13)
FNDA:1,(anonymous_14)
FNDA:1,(anonymous_15)
FNDA:1,(anonymous_16)
DA:1,1
DA:3,1
DA:4,1
DA:5,1
DA:8,1
DA:9,1
DA:16,0
DA:17,0
DA:22,1
DA:23,1
DA:31,1
DA:32,1
LF:12
LH:10
BRF:0
BRH:0
end_of_record
